2022-09-16 10:12:54,473 - INFO - yamaxun3 url https://www.amazon.com/product-reviews/B08H8ZLKKK/ref=cm_cr_dp_d_show_all_btm?ie=UTF8&reviewerType=all_reviews

2022-09-16 10:13:21,348 - INFO - yamaxun3 url https://www.amazon.com/product-reviews/B08KTXG8Q5/ref=cm_cr_dp_d_show_all_btm?ie=UTF8&reviewerType=all_reviews

2022-09-16 10:13:46,921 - INFO - yamaxun3 url https://www.amazon.com/product-reviews/B08KTXG8Q5/ref=cm_cr_dp_d_show_all_btm?ie=UTF8&reviewerType=all_reviews

2022-09-16 10:14:14,107 - INFO - yamaxun3 url https://www.amazon.com/product-reviews/B07MKB1J3M/ref=cm_cr_dp_d_show_all_btm?ie=UTF8&reviewerType=all_reviews

2022-09-16 10:14:40,145 - INFO - yamaxun3 url https://www.amazon.com/product-reviews/B07MKB1J3M/ref=cm_cr_dp_d_show_all_btm?ie=UTF8&reviewerType=all_reviews

2022-09-16 10:15:05,787 - INFO - yamaxun3 url https://www.amazon.com/product-reviews/B092VXR7B5/ref=cm_cr_dp_d_show_all_btm?ie=UTF8&reviewerType=all_reviews

2022-09-16 10:15:31,734 - INFO - yamaxun3 url https://www.amazon.com/product-reviews/B092VXR7B5/ref=cm_cr_dp_d_show_all_btm?ie=UTF8&reviewerType=all_reviews

2022-09-16 10:15:55,854 - INFO - yamaxun3 url https://www.amazon.com/product-reviews/B08KJF5BS7/ref=cm_cr_dp_d_show_all_btm?ie=UTF8&reviewerType=all_reviews

2022-09-16 10:16:20,263 - INFO - yamaxun3 url https://www.amazon.com/product-reviews/B08KJF5BS7/ref=cm_cr_dp_d_show_all_btm?ie=UTF8&reviewerType=all_reviews

2022-09-16 10:16:44,657 - INFO - yamaxun3 url https://www.amazon.com/product-reviews/B07DPNSW6P/ref=cm_cr_dp_d_show_all_btm?ie=UTF8&reviewerType=all_reviews

2022-09-16 10:17:08,246 - INFO - yamaxun3 url https://www.amazon.com/product-reviews/B08TH4D3QV/ref=cm_cr_dp_d_show_all_btm?ie=UTF8&reviewerType=all_reviews

2022-09-16 10:17:34,081 - INFO - yamaxun3 url https://www.amazon.com/product-reviews/B08TH4D3QV/ref=cm_cr_dp_d_show_all_btm?ie=UTF8&reviewerType=all_reviews

2022-09-16 10:17:59,846 - INFO - yamaxun3 url https://www.amazon.com/product-reviews/B09M9477NS/ref=cm_cr_dp_d_show_all_btm?ie=UTF8&reviewerType=all_reviews

2022-09-16 10:18:25,701 - INFO - yamaxun3 url https://www.amazon.com/product-reviews/B09M9477NS/ref=cm_cr_dp_d_show_all_btm?ie=UTF8&reviewerType=all_reviews

2022-09-16 10:18:51,759 - INFO - yamaxun3 url https://www.amazon.com/product-reviews/B085VM9ZDD/ref=cm_cr_dp_d_show_all_btm?ie=UTF8&reviewerType=all_reviews

2022-09-16 10:19:17,172 - INFO - yamaxun3 url https://www.amazon.com/product-reviews/B08QTXNWZ1/ref=cm_cr_dp_d_show_all_btm?ie=UTF8&reviewerType=all_reviews

2022-09-16 10:19:42,937 - INFO - yamaxun3 url https://www.amazon.com/product-reviews/B08QTXNWZ1/ref=cm_cr_dp_d_show_all_btm?ie=UTF8&reviewerType=all_reviews

2022-09-16 10:20:07,825 - INFO - yamaxun3 url https://www.amazon.com/product-reviews/B07WMMD6DD/ref=cm_cr_dp_d_show_all_btm?ie=UTF8&reviewerType=all_reviews

2022-09-16 10:20:32,020 - INFO - yamaxun3 url https://www.amazon.com/product-reviews/B08LMQLG7X/ref=cm_cr_dp_d_show_all_btm?ie=UTF8&reviewerType=all_reviews

2022-09-16 10:20:57,108 - INFO - yamaxun3 url https://www.amazon.com/product-reviews/B084BNH26P/ref=cm_cr_dp_d_show_all_btm?ie=UTF8&reviewerType=all_reviews

2022-09-16 10:21:22,195 - INFO - yamaxun3 url https://www.amazon.com/product-reviews/B09N6R2SLV/ref=cm_cr_dp_d_show_all_btm?ie=UTF8&reviewerType=all_reviews

2022-09-16 10:21:47,380 - INFO - yamaxun3 url https://www.amazon.com/product-reviews/B09N6R2SLV/ref=cm_cr_dp_d_show_all_btm?ie=UTF8&reviewerType=all_reviews

2022-09-16 10:22:12,730 - INFO - yamaxun3 url https://www.amazon.com/product-reviews/B09G5W9R6R/ref=cm_cr_dp_d_show_all_btm?ie=UTF8&reviewerType=all_reviews

2022-09-16 10:22:39,031 - INFO - yamaxun3 url https://www.amazon.com/product-reviews/B09G5W9R6R/ref=cm_cr_dp_d_show_all_btm?ie=UTF8&reviewerType=all_reviews

2022-09-16 10:23:05,480 - INFO - yamaxun3 url https://www.amazon.com/product-reviews/B088TNL7V3/ref=cm_cr_dp_d_show_all_btm?ie=UTF8&reviewerType=all_reviews

2022-09-16 10:23:31,791 - INFO - yamaxun3 url https://www.amazon.com/product-reviews/B08C3YBBHM/ref=cm_cr_dp_d_show_all_btm?ie=UTF8&reviewerType=all_reviews

2022-09-16 10:23:57,991 - INFO - yamaxun3 url https://www.amazon.com/product-reviews/B08C3YBBHM/ref=cm_cr_dp_d_show_all_btm?ie=UTF8&reviewerType=all_reviews

2022-09-16 10:24:24,478 - INFO - yamaxun3 url https://www.amazon.com/product-reviews/B091D6Y78G/ref=cm_cr_dp_d_show_all_btm?ie=UTF8&reviewerType=all_reviews

2022-09-16 10:24:50,566 - INFO - yamaxun3 url https://www.amazon.com/product-reviews/B091D6Y78G/ref=cm_cr_dp_d_show_all_btm?ie=UTF8&reviewerType=all_reviews

2022-09-16 10:25:17,252 - INFO - yamaxun3 url https://www.amazon.com/product-reviews/B0B1LZMH78/ref=cm_cr_dp_d_show_all_btm?ie=UTF8&reviewerType=all_reviews

2022-09-16 10:25:43,627 - INFO - yamaxun3 url https://www.amazon.com/product-reviews/B07PNR2VMD/ref=cm_cr_dp_d_show_all_btm?ie=UTF8&reviewerType=all_reviews

2022-09-16 10:26:10,350 - INFO - yamaxun3 url https://www.amazon.com/product-reviews/B08ZK39NSL/ref=cm_cr_dp_d_show_all_btm?ie=UTF8&reviewerType=all_reviews

2022-09-16 10:26:34,693 - INFO - yamaxun3 url https://www.amazon.com/product-reviews/B088TNL7V3/ref=cm_cr_dp_d_show_all_btm?ie=UTF8&reviewerType=all_reviews

2022-09-16 10:27:00,384 - INFO - yamaxun3 url https://www.amazon.com/product-reviews/B09SG9K11B/ref=cm_cr_dp_d_show_all_btm?ie=UTF8&reviewerType=all_reviews

2022-09-16 10:27:15,803 - INFO - yamaxun3 url https://www.amazon.com/product-reviews/B08FWNNWTB/ref=cm_cr_dp_d_show_all_btm?ie=UTF8&reviewerType=all_reviews

2022-09-16 10:27:39,879 - INFO - yamaxun3 url https://www.amazon.com/product-reviews/B08FWNNWTB/ref=cm_cr_dp_d_show_all_btm?ie=UTF8&reviewerType=all_reviews

2022-09-16 10:28:03,948 - INFO - yamaxun3 url https://www.amazon.com/product-reviews/B097HMLTQX/ref=cm_cr_dp_d_show_all_btm?ie=UTF8&reviewerType=all_reviews

2022-09-16 10:28:29,297 - INFO - yamaxun3 url https://www.amazon.com/product-reviews/B097HMLTQX/ref=cm_cr_dp_d_show_all_btm?ie=UTF8&reviewerType=all_reviews

2022-09-16 10:28:54,707 - INFO - yamaxun3 url https://www.amazon.com/product-reviews/B08RWBPBBR/ref=cm_cr_dp_d_show_all_btm?ie=UTF8&reviewerType=all_reviews

2022-09-16 10:29:21,338 - INFO - yamaxun3 url https://www.amazon.com/product-reviews/B08RWBPBBR/ref=cm_cr_dp_d_show_all_btm?ie=UTF8&reviewerType=all_reviews

2022-09-16 10:29:47,888 - INFO - yamaxun3 url https://www.amazon.com/product-reviews/B08KTXG8Q5/ref=cm_cr_dp_d_show_all_btm?ie=UTF8&reviewerType=all_reviews

2022-09-16 10:30:14,710 - INFO - yamaxun3 url https://www.amazon.com/product-reviews/B08KTXG8Q5/ref=cm_cr_dp_d_show_all_btm?ie=UTF8&reviewerType=all_reviews

2022-09-16 10:30:41,817 - INFO - yamaxun3 url https://www.amazon.com/product-reviews/B07MKB1J3M/ref=cm_cr_dp_d_show_all_btm?ie=UTF8&reviewerType=all_reviews

2022-09-16 10:31:08,196 - INFO - yamaxun3 url https://www.amazon.com/product-reviews/B07MKB1J3M/ref=cm_cr_dp_d_show_all_btm?ie=UTF8&reviewerType=all_reviews

2022-09-16 10:31:34,943 - INFO - yamaxun3 url https://www.amazon.com/product-reviews/B0897ZCBPF/ref=cm_cr_dp_d_show_all_btm?ie=UTF8&reviewerType=all_reviews

2022-09-16 10:32:01,357 - INFO - yamaxun3 url https://www.amazon.com/product-reviews/B09GP8PCF6/ref=cm_cr_dp_d_show_all_btm?ie=UTF8&reviewerType=all_reviews

2022-09-16 10:32:27,832 - INFO - yamaxun3 url https://www.amazon.com/product-reviews/B09GP8PCF6/ref=cm_cr_dp_d_show_all_btm?ie=UTF8&reviewerType=all_reviews

2022-09-16 10:32:54,129 - INFO - yamaxun3 url https://www.amazon.com/product-reviews/B08J6CFM39/ref=cm_cr_dp_d_show_all_btm?ie=UTF8&reviewerType=all_reviews

2022-09-16 10:33:21,510 - INFO - yamaxun3 url https://www.amazon.com/product-reviews/B07HM6KJN8/ref=cm_cr_dp_d_show_all_btm?ie=UTF8&reviewerType=all_reviews

2022-09-16 10:33:53,598 - INFO - yamaxun3 url https://www.amazon.com/product-reviews/B07HM6KJN8/ref=cm_cr_dp_d_show_all_btm?ie=UTF8&reviewerType=all_reviews

2022-09-16 10:34:23,999 - INFO - yamaxun3 url https://www.amazon.com/product-reviews/B07P3FGKYD/ref=cm_cr_dp_d_show_all_btm?ie=UTF8&reviewerType=all_reviews

2022-09-16 10:34:50,455 - INFO - yamaxun3 url https://www.amazon.com/product-reviews/B07P3FGKYD/ref=cm_cr_dp_d_show_all_btm?ie=UTF8&reviewerType=all_reviews

2022-09-16 10:35:15,753 - INFO - yamaxun3 url https://www.amazon.com/product-reviews/B09W2CYVTD/ref=cm_cr_dp_d_show_all_btm?ie=UTF8&reviewerType=all_reviews

2022-09-16 10:35:33,126 - INFO - yamaxun3 url https://www.amazon.com/product-reviews/B07TT23RB4/ref=cm_cr_dp_d_show_all_btm?ie=UTF8&reviewerType=all_reviews

2022-09-16 10:35:58,495 - INFO - yamaxun3 url https://www.amazon.com/product-reviews/B09D3B31ZZ/ref=cm_cr_dp_d_show_all_btm?ie=UTF8&reviewerType=all_reviews

2022-09-16 10:36:24,296 - INFO - yamaxun3 url https://www.amazon.com/product-reviews/B07WGJ8ZD3/ref=cm_cr_dp_d_show_all_btm?ie=UTF8&reviewerType=all_reviews

2022-09-16 10:36:49,205 - INFO - yamaxun3 url https://www.amazon.com/product-reviews/B08DTF7KGC/ref=cm_cr_dp_d_show_all_btm?ie=UTF8&reviewerType=all_reviews

2022-09-16 10:37:15,333 - INFO - yamaxun3 url https://www.amazon.com/product-reviews/B08DTF7KGC/ref=cm_cr_dp_d_show_all_btm?ie=UTF8&reviewerType=all_reviews

2022-09-16 10:37:41,690 - INFO - yamaxun3 url https://www.amazon.com/product-reviews/B09GFP2FHL/ref=cm_cr_dp_d_show_all_btm?ie=UTF8&reviewerType=all_reviews

2022-09-16 10:38:07,600 - INFO - yamaxun3 url https://www.amazon.com/product-reviews/B00R2AZLD2/ref=cm_cr_dp_d_show_all_btm?ie=UTF8&reviewerType=all_reviews

2022-09-16 10:38:33,648 - INFO - yamaxun3 url https://www.amazon.com/product-reviews/B00R2AZLD2/ref=cm_cr_dp_d_show_all_btm?ie=UTF8&reviewerType=all_reviews

2022-09-16 10:38:59,968 - INFO - yamaxun3 url https://www.amazon.com/product-reviews/B06X1CHFJ5/ref=cm_cr_dp_d_show_all_btm?ie=UTF8&reviewerType=all_reviews

2022-09-16 10:39:27,145 - INFO - yamaxun3 url https://www.amazon.com/product-reviews/B06X1CHFJ5/ref=cm_cr_dp_d_show_all_btm?ie=UTF8&reviewerType=all_reviews

2022-09-16 10:39:53,910 - INFO - yamaxun3 url https://www.amazon.com/product-reviews/B08BJJ3RGW/ref=cm_cr_dp_d_show_all_btm?ie=UTF8&reviewerType=all_reviews

2022-09-16 10:40:20,584 - INFO - yamaxun3 url https://www.amazon.com/product-reviews/B08BJJ3RGW/ref=cm_cr_dp_d_show_all_btm?ie=UTF8&reviewerType=all_reviews

2022-09-16 10:40:47,845 - INFO - yamaxun3 url https://www.amazon.com/product-reviews/B08QDHR4KJ/ref=cm_cr_dp_d_show_all_btm?ie=UTF8&reviewerType=all_reviews

2022-09-16 10:41:14,922 - INFO - yamaxun3 url https://www.amazon.com/product-reviews/B09GFLRCFX/ref=cm_cr_dp_d_show_all_btm?ie=UTF8&reviewerType=all_reviews

2022-09-16 10:41:28,827 - INFO - yamaxun3 url https://www.amazon.com/product-reviews/B09SG9K11B/ref=cm_cr_dp_d_show_all_btm?ie=UTF8&reviewerType=all_reviews

2022-09-16 10:41:44,754 - INFO - yamaxun3 url https://www.amazon.com/product-reviews/B088TNL7V3/ref=cm_cr_dp_d_show_all_btm?ie=UTF8&reviewerType=all_reviews

2022-09-16 10:42:10,826 - INFO - yamaxun3 url https://www.amazon.com/product-reviews/B0B56RW6GM/ref=cm_cr_dp_d_show_all_btm?ie=UTF8&reviewerType=all_reviews

2022-09-16 10:42:16,744 - INFO - yamaxun3 url https://www.amazon.com/product-reviews/B07VPL5WP3/ref=cm_cr_dp_d_show_all_btm?ie=UTF8&reviewerType=all_reviews

2022-09-16 10:42:44,799 - INFO - yamaxun3 url https://www.amazon.com/product-reviews/B07VPL5WP3/ref=cm_cr_dp_d_show_all_btm?ie=UTF8&reviewerType=all_reviews

2022-09-16 10:43:12,208 - INFO - yamaxun3 url https://www.amazon.com/product-reviews/B08RNNQFJ7/ref=cm_cr_dp_d_show_all_btm?ie=UTF8&reviewerType=all_reviews

2022-09-16 10:43:33,410 - INFO - yamaxun3 url https://www.amazon.com/product-reviews/B08KTXG8Q5/ref=cm_cr_dp_d_show_all_btm?ie=UTF8&reviewerType=all_reviews

2022-09-16 10:44:00,932 - INFO - yamaxun3 url https://www.amazon.com/product-reviews/B08KTXG8Q5/ref=cm_cr_dp_d_show_all_btm?ie=UTF8&reviewerType=all_reviews

2022-09-16 10:44:27,046 - INFO - yamaxun3 url https://www.amazon.com/product-reviews/B07MKB1J3M/ref=cm_cr_dp_d_show_all_btm?ie=UTF8&reviewerType=all_reviews

2022-09-16 10:44:52,890 - INFO - yamaxun3 url https://www.amazon.com/product-reviews/B07MKB1J3M/ref=cm_cr_dp_d_show_all_btm?ie=UTF8&reviewerType=all_reviews

2022-09-16 10:45:18,781 - INFO - yamaxun3 url https://www.amazon.com/product-reviews/B08TGPTQ14/ref=cm_cr_dp_d_show_all_btm?ie=UTF8&reviewerType=all_reviews

2022-09-16 10:45:46,477 - INFO - yamaxun3 url https://www.amazon.com/product-reviews/B08TGPTQ14/ref=cm_cr_dp_d_show_all_btm?ie=UTF8&reviewerType=all_reviews

2022-09-16 10:46:12,825 - INFO - yamaxun3 url https://www.amazon.com/product-reviews/B071J24FNY/ref=cm_cr_dp_d_show_all_btm?ie=UTF8&reviewerType=all_reviews

2022-09-16 10:46:39,479 - INFO - yamaxun3 url https://www.amazon.com/product-reviews/B071J24FNY/ref=cm_cr_dp_d_show_all_btm?ie=UTF8&reviewerType=all_reviews

2022-09-16 10:47:06,035 - INFO - yamaxun3 url https://www.amazon.com/product-reviews/B09JB7WG4Q/ref=cm_cr_dp_d_show_all_btm?ie=UTF8&reviewerType=all_reviews

2022-09-16 10:47:33,493 - INFO - yamaxun3 url https://www.amazon.com/product-reviews/B09JB7WG4Q/ref=cm_cr_dp_d_show_all_btm?ie=UTF8&reviewerType=all_reviews

2022-09-16 10:48:00,902 - INFO - yamaxun3 url https://www.amazon.com/product-reviews/B0B3SQK74L/ref=cm_cr_dp_d_show_all_btm?ie=UTF8&reviewerType=all_reviews

2022-09-16 10:48:28,186 - INFO - yamaxun3 url https://www.amazon.com/product-reviews/B0B3SQK74L/ref=cm_cr_dp_d_show_all_btm?ie=UTF8&reviewerType=all_reviews

2022-09-16 10:48:55,715 - INFO - yamaxun3 url https://www.amazon.com/product-reviews/B098R77RTP/ref=cm_cr_dp_d_show_all_btm?ie=UTF8&reviewerType=all_reviews

2022-09-16 10:49:23,102 - INFO - yamaxun3 url https://www.amazon.com/product-reviews/B098R77RTP/ref=cm_cr_dp_d_show_all_btm?ie=UTF8&reviewerType=all_reviews

2022-09-16 10:49:50,551 - INFO - yamaxun3 url https://www.amazon.com/product-reviews/B07TT23RB4/ref=cm_cr_dp_d_show_all_btm?ie=UTF8&reviewerType=all_reviews

2022-09-16 10:50:16,991 - INFO - yamaxun3 url https://www.amazon.com/product-reviews/B098WG1ZMR/ref=cm_cr_dp_d_show_all_btm?ie=UTF8&reviewerType=all_reviews

2022-09-16 10:50:43,429 - INFO - yamaxun3 url https://www.amazon.com/product-reviews/B07Y45V3TK/ref=cm_cr_dp_d_show_all_btm?ie=UTF8&reviewerType=all_reviews

2022-09-16 10:51:09,711 - INFO - yamaxun3 url https://www.amazon.com/product-reviews/B09NDDH6S8/ref=cm_cr_dp_d_show_all_btm?ie=UTF8&reviewerType=all_reviews

2022-09-16 10:51:35,576 - INFO - yamaxun3 url https://www.amazon.com/product-reviews/B09NDDH6S8/ref=cm_cr_dp_d_show_all_btm?ie=UTF8&reviewerType=all_reviews

2022-09-16 10:52:01,503 - INFO - yamaxun3 url https://www.amazon.com/product-reviews/B091D71M6P/ref=cm_cr_dp_d_show_all_btm?ie=UTF8&reviewerType=all_reviews

2022-09-16 10:52:28,607 - INFO - yamaxun3 url https://www.amazon.com/product-reviews/B091D71M6P/ref=cm_cr_dp_d_show_all_btm?ie=UTF8&reviewerType=all_reviews

2022-09-16 10:52:56,287 - INFO - yamaxun3 url https://www.amazon.com/product-reviews/B08DF9LGFL/ref=cm_cr_dp_d_show_all_btm?ie=UTF8&reviewerType=all_reviews

2022-09-16 10:53:23,668 - INFO - yamaxun3 url https://www.amazon.com/product-reviews/B09M9463CY/ref=cm_cr_dp_d_show_all_btm?ie=UTF8&reviewerType=all_reviews

2022-09-16 10:53:51,321 - INFO - yamaxun3 url https://www.amazon.com/product-reviews/B09M9463CY/ref=cm_cr_dp_d_show_all_btm?ie=UTF8&reviewerType=all_reviews

2022-09-16 10:54:18,790 - INFO - yamaxun3 url https://www.amazon.com/product-reviews/B08JY6RMG9/ref=cm_cr_dp_d_show_all_btm?ie=UTF8&reviewerType=all_reviews

2022-09-16 10:54:45,625 - INFO - yamaxun3 url https://www.amazon.com/product-reviews/B082Z71VT2/ref=cm_cr_dp_d_show_all_btm?ie=UTF8&reviewerType=all_reviews

2022-09-16 10:55:12,445 - INFO - yamaxun3 url https://www.amazon.com/product-reviews/B082Z71VT2/ref=cm_cr_dp_d_show_all_btm?ie=UTF8&reviewerType=all_reviews

2022-09-16 10:55:40,275 - INFO - yamaxun3 url https://www.amazon.com/product-reviews/B09GFLRCFX/ref=cm_cr_dp_d_show_all_btm?ie=UTF8&reviewerType=all_reviews

2022-09-16 10:55:55,661 - INFO - yamaxun3 url https://www.amazon.com/product-reviews/B0B6HF3MRV/ref=cm_cr_dp_d_show_all_btm?ie=UTF8&reviewerType=all_reviews

2022-09-16 10:56:10,922 - INFO - yamaxun3 url https://www.amazon.com/product-reviews/B09SG9K11B/ref=cm_cr_dp_d_show_all_btm?ie=UTF8&reviewerType=all_reviews

2022-09-16 10:56:28,826 - INFO - yamaxun3 url https://www.amazon.com/product-reviews/B09GFLRCFX/ref=cm_cr_dp_d_show_all_btm?ie=UTF8&reviewerType=all_reviews

2022-09-16 10:56:44,263 - INFO - yamaxun3 url https://www.amazon.com/product-reviews/B07MRD1LDZ/ref=cm_cr_dp_d_show_all_btm?ie=UTF8&reviewerType=all_reviews

2022-09-16 10:57:12,363 - INFO - yamaxun3 url https://www.amazon.com/product-reviews/B07MRD1LDZ/ref=cm_cr_dp_d_show_all_btm?ie=UTF8&reviewerType=all_reviews

2022-09-16 10:57:40,093 - INFO - yamaxun3 url https://www.amazon.com/product-reviews/B08TQN7NMG/ref=cm_cr_dp_d_show_all_btm?ie=UTF8&reviewerType=all_reviews

2022-09-16 10:58:08,111 - INFO - yamaxun3 url https://www.amazon.com/product-reviews/B08TQN7NMG/ref=cm_cr_dp_d_show_all_btm?ie=UTF8&reviewerType=all_reviews

2022-09-16 10:58:35,941 - INFO - yamaxun3 url https://www.amazon.com/product-reviews/B08KTXG8Q5/ref=cm_cr_dp_d_show_all_btm?ie=UTF8&reviewerType=all_reviews

2022-09-16 10:59:04,243 - INFO - yamaxun3 url https://www.amazon.com/product-reviews/B08KTXG8Q5/ref=cm_cr_dp_d_show_all_btm?ie=UTF8&reviewerType=all_reviews

2022-09-16 10:59:32,270 - INFO - yamaxun3 url https://www.amazon.com/product-reviews/B078Z3PTJP/ref=cm_cr_dp_d_show_all_btm?ie=UTF8&reviewerType=all_reviews

2022-09-16 10:59:59,613 - INFO - yamaxun3 url https://www.amazon.com/product-reviews/B078Z3PTJP/ref=cm_cr_dp_d_show_all_btm?ie=UTF8&reviewerType=all_reviews

2022-09-16 11:00:26,737 - INFO - yamaxun3 url https://www.amazon.com/product-reviews/B07MKB1J3M/ref=cm_cr_dp_d_show_all_btm?ie=UTF8&reviewerType=all_reviews

2022-09-16 11:00:53,898 - INFO - yamaxun3 url https://www.amazon.com/product-reviews/B07MKB1J3M/ref=cm_cr_dp_d_show_all_btm?ie=UTF8&reviewerType=all_reviews

2022-09-16 11:01:20,976 - INFO - yamaxun3 url https://www.amazon.com/product-reviews/B00GY57KPS/ref=cm_cr_dp_d_show_all_btm?ie=UTF8&reviewerType=all_reviews

2022-09-16 11:01:48,383 - INFO - yamaxun3 url https://www.amazon.com/product-reviews/B012X45WH6/ref=cm_cr_dp_d_show_all_btm?ie=UTF8&reviewerType=all_reviews

2022-09-16 11:02:15,555 - INFO - yamaxun3 url https://www.amazon.com/product-reviews/B012X45WH6/ref=cm_cr_dp_d_show_all_btm?ie=UTF8&reviewerType=all_reviews

2022-09-16 11:02:42,771 - INFO - yamaxun3 url https://www.amazon.com/product-reviews/B09JBDHZW6/ref=cm_cr_dp_d_show_all_btm?ie=UTF8&reviewerType=all_reviews

2022-09-16 11:03:09,772 - INFO - yamaxun3 url https://www.amazon.com/product-reviews/B078Z3PTJP/ref=cm_cr_dp_d_show_all_btm?ie=UTF8&reviewerType=all_reviews

2022-09-16 11:03:36,775 - INFO - yamaxun3 url https://www.amazon.com/product-reviews/B078Z3PTJP/ref=cm_cr_dp_d_show_all_btm?ie=UTF8&reviewerType=all_reviews

2022-09-16 11:04:03,701 - INFO - yamaxun3 url https://www.amazon.com/product-reviews/B07XLTRJ72/ref=cm_cr_dp_d_show_all_btm?ie=UTF8&reviewerType=all_reviews

2022-09-16 11:04:30,968 - INFO - yamaxun3 url https://www.amazon.com/product-reviews/B07XLTRJ72/ref=cm_cr_dp_d_show_all_btm?ie=UTF8&reviewerType=all_reviews

2022-09-16 11:04:58,007 - INFO - yamaxun3 url https://www.amazon.com/product-reviews/B09GFR4M4S/ref=cm_cr_dp_d_show_all_btm?ie=UTF8&reviewerType=all_reviews

2022-09-16 11:05:25,061 - INFO - yamaxun3 url https://www.amazon.com/product-reviews/B088TNL7V3/ref=cm_cr_dp_d_show_all_btm?ie=UTF8&reviewerType=all_reviews

2022-09-16 11:05:51,884 - INFO - yamaxun3 url https://www.amazon.com/product-reviews/B083Q45V1V/ref=cm_cr_dp_d_show_all_btm?ie=UTF8&reviewerType=all_reviews

2022-09-16 11:06:18,881 - INFO - yamaxun3 url https://www.amazon.com/product-reviews/B083Q45V1V/ref=cm_cr_dp_d_show_all_btm?ie=UTF8&reviewerType=all_reviews

2022-09-16 11:06:46,925 - INFO - yamaxun3 url https://www.amazon.com//product-reviews/B09Y68BYQ9/ref=cm_cr_dp_d_show_all_btm?ie=UTF8&reviewerType=all_reviews

2022-09-16 11:07:03,346 - INFO - yamaxun3 url https://www.amazon.com//LINOVISION-Industrial-Cellular-Integration-Supports/product-reviews/B098XT957J/ref=cm_cr_dp_d_show_all_btm?ie=UTF8&reviewerType=all_reviews

2022-09-16 11:07:21,690 - INFO - yamaxun3 url https://www.amazon.com/product-reviews/B01K8TTH4W/ref=cm_cr_dp_d_show_all_btm?ie=UTF8&reviewerType=all_reviews

2022-09-16 11:07:48,923 - INFO - yamaxun3 url https://www.amazon.com/product-reviews/B086ZNJ1J2/ref=cm_cr_dp_d_show_all_btm?ie=UTF8&reviewerType=all_reviews

2022-09-16 11:08:16,350 - INFO - yamaxun3 url https://www.amazon.com/product-reviews/B086ZNJ1J2/ref=cm_cr_dp_d_show_all_btm?ie=UTF8&reviewerType=all_reviews

2022-09-16 11:08:44,160 - INFO - yamaxun3 url https://www.amazon.com/product-reviews/B09DRDWXWF/ref=cm_cr_dp_d_show_all_btm?ie=UTF8&reviewerType=all_reviews

2022-09-16 11:09:11,969 - INFO - yamaxun3 url https://www.amazon.com/product-reviews/B09DRDWXWF/ref=cm_cr_dp_d_show_all_btm?ie=UTF8&reviewerType=all_reviews

2022-09-16 11:09:39,689 - INFO - yamaxun3 url https://www.amazon.com/product-reviews/B0897ZSSQF/ref=cm_cr_dp_d_show_all_btm?ie=UTF8&reviewerType=all_reviews

2022-09-16 11:10:14,318 - INFO - yamaxun3 url https://www.amazon.com/product-reviews/B06X9CPC45/ref=cm_cr_dp_d_show_all_btm?ie=UTF8&reviewerType=all_reviews

2022-09-16 11:10:43,627 - INFO - yamaxun3 url https://www.amazon.com/product-reviews/B06X9CPC45/ref=cm_cr_dp_d_show_all_btm?ie=UTF8&reviewerType=all_reviews

2022-09-16 11:11:17,049 - INFO - yamaxun3 url https://www.amazon.com/product-reviews/B0B6HF3MRV/ref=cm_cr_dp_d_show_all_btm?ie=UTF8&reviewerType=all_reviews

2022-09-16 11:11:35,828 - INFO - yamaxun3 url https://www.amazon.com/product-reviews/B09GFLRCFX/ref=cm_cr_dp_d_show_all_btm?ie=UTF8&reviewerType=all_reviews

2022-09-16 11:11:53,024 - INFO - yamaxun3 url https://www.amazon.com/product-reviews/B09SG9K11B/ref=cm_cr_dp_d_show_all_btm?ie=UTF8&reviewerType=all_reviews

2022-09-16 11:12:12,291 - INFO - yamaxun3 url https://www.amazon.com/product-reviews/B09F2FS9R5/ref=cm_cr_dp_d_show_all_btm?ie=UTF8&reviewerType=all_reviews

2022-09-16 11:12:41,252 - INFO - yamaxun3 url https://www.amazon.com/product-reviews/B09F2FS9R5/ref=cm_cr_dp_d_show_all_btm?ie=UTF8&reviewerType=all_reviews

2022-09-16 11:13:10,176 - INFO - yamaxun3 url https://www.amazon.com/product-reviews/B08JY6RMG9/ref=cm_cr_dp_d_show_all_btm?ie=UTF8&reviewerType=all_reviews

2022-09-16 11:13:39,175 - INFO - yamaxun3 url https://www.amazon.com/product-reviews/B01N7L06CF/ref=cm_cr_dp_d_show_all_btm?ie=UTF8&reviewerType=all_reviews

2022-09-16 11:14:08,046 - INFO - yamaxun3 url https://www.amazon.com/product-reviews/B09GFP2FHL/ref=cm_cr_dp_d_show_all_btm?ie=UTF8&reviewerType=all_reviews

2022-09-16 11:14:37,062 - INFO - yamaxun3 url https://www.amazon.com/product-reviews/B08KTXG8Q5/ref=cm_cr_dp_d_show_all_btm?ie=UTF8&reviewerType=all_reviews

2022-09-16 11:15:05,773 - INFO - yamaxun3 url https://www.amazon.com/product-reviews/B08KTXG8Q5/ref=cm_cr_dp_d_show_all_btm?ie=UTF8&reviewerType=all_reviews

2022-09-16 11:15:34,537 - INFO - yamaxun3 url https://www.amazon.com/product-reviews/B07MKB1J3M/ref=cm_cr_dp_d_show_all_btm?ie=UTF8&reviewerType=all_reviews

2022-09-16 11:16:04,065 - INFO - yamaxun3 url https://www.amazon.com/product-reviews/B07MKB1J3M/ref=cm_cr_dp_d_show_all_btm?ie=UTF8&reviewerType=all_reviews

2022-09-16 11:16:33,532 - INFO - yamaxun3 url https://www.amazon.com/product-reviews/B086ZNJ1J2/ref=cm_cr_dp_d_show_all_btm?ie=UTF8&reviewerType=all_reviews

2022-09-16 11:17:03,985 - INFO - yamaxun3 url https://www.amazon.com/product-reviews/B086ZNJ1J2/ref=cm_cr_dp_d_show_all_btm?ie=UTF8&reviewerType=all_reviews

2022-09-16 11:17:33,461 - INFO - yamaxun3 url https://www.amazon.com/product-reviews/B09VJ5CSD6/ref=cm_cr_dp_d_show_all_btm?ie=UTF8&reviewerType=all_reviews

2022-09-16 11:18:02,186 - INFO - yamaxun3 url https://www.amazon.com/product-reviews/B09VJ5CSD6/ref=cm_cr_dp_d_show_all_btm?ie=UTF8&reviewerType=all_reviews

2022-09-16 11:18:31,334 - INFO - yamaxun3 url https://www.amazon.com/product-reviews/B09JB7WG4Q/ref=cm_cr_dp_d_show_all_btm?ie=UTF8&reviewerType=all_reviews

2022-09-16 11:19:00,111 - INFO - yamaxun3 url https://www.amazon.com/product-reviews/B09JB7WG4Q/ref=cm_cr_dp_d_show_all_btm?ie=UTF8&reviewerType=all_reviews

2022-09-16 11:19:29,434 - INFO - yamaxun3 url https://www.amazon.com/product-reviews/B096W716BY/ref=cm_cr_dp_d_show_all_btm?ie=UTF8&reviewerType=all_reviews

2022-09-16 11:19:57,350 - INFO - yamaxun3 url https://www.amazon.com/product-reviews/B096W716BY/ref=cm_cr_dp_d_show_all_btm?ie=UTF8&reviewerType=all_reviews

2022-09-16 11:20:25,301 - INFO - yamaxun3 url https://www.amazon.com/product-reviews/B098WG1ZMR/ref=cm_cr_dp_d_show_all_btm?ie=UTF8&reviewerType=all_reviews

2022-09-16 11:20:53,417 - INFO - yamaxun3 url https://www.amazon.com/product-reviews/B09GFP2FHL/ref=cm_cr_dp_d_show_all_btm?ie=UTF8&reviewerType=all_reviews

2022-09-16 11:21:21,531 - INFO - yamaxun3 url https://www.amazon.com/product-reviews/B088TNL7V3/ref=cm_cr_dp_d_show_all_btm?ie=UTF8&reviewerType=all_reviews

2022-09-16 11:21:49,731 - INFO - yamaxun3 url https://www.amazon.com/product-reviews/B08V3PMGBR/ref=cm_cr_dp_d_show_all_btm?ie=UTF8&reviewerType=all_reviews

2022-09-16 11:22:17,581 - INFO - yamaxun3 url https://www.amazon.com/product-reviews/B08V3PMGBR/ref=cm_cr_dp_d_show_all_btm?ie=UTF8&reviewerType=all_reviews

2022-09-16 11:22:48,829 - INFO - yamaxun3 url https://www.amazon.com/product-reviews/B017NT8Q24/ref=cm_cr_dp_d_show_all_btm?ie=UTF8&reviewerType=all_reviews

2022-09-16 11:23:19,585 - INFO - yamaxun3 url https://www.amazon.com/product-reviews/B017NT8Q24/ref=cm_cr_dp_d_show_all_btm?ie=UTF8&reviewerType=all_reviews

2022-09-16 11:23:51,489 - INFO - yamaxun3 url https://www.amazon.com/product-reviews/B09DRDWXWF/ref=cm_cr_dp_d_show_all_btm?ie=UTF8&reviewerType=all_reviews

2022-09-16 11:24:20,770 - INFO - yamaxun3 url https://www.amazon.com/product-reviews/B09DRDWXWF/ref=cm_cr_dp_d_show_all_btm?ie=UTF8&reviewerType=all_reviews

2022-09-16 11:24:49,893 - INFO - yamaxun3 url https://www.amazon.com/product-reviews/B084D5PDJT/ref=cm_cr_dp_d_show_all_btm?ie=UTF8&reviewerType=all_reviews

2022-09-16 11:25:19,428 - INFO - yamaxun3 url https://www.amazon.com/product-reviews/B084D5PDJT/ref=cm_cr_dp_d_show_all_btm?ie=UTF8&reviewerType=all_reviews

2022-09-16 11:25:53,160 - INFO - yamaxun3 url https://www.amazon.com/product-reviews/B0B56RW6GM/ref=cm_cr_dp_d_show_all_btm?ie=UTF8&reviewerType=all_reviews

2022-09-16 11:26:04,993 - INFO - yamaxun3 url https://www.amazon.com/product-reviews/B06X1CHFJ5/ref=cm_cr_dp_d_show_all_btm?ie=UTF8&reviewerType=all_reviews

2022-09-16 11:27:40,175 - INFO - yamaxun3 url https://www.amazon.com/product-reviews/B06X1CHFJ5/ref=cm_cr_dp_d_show_all_btm?ie=UTF8&reviewerType=all_reviews

2022-09-16 11:28:14,352 - INFO - yamaxun3 url https://www.amazon.com/product-reviews/B088W3KFP7/ref=cm_cr_dp_d_show_all_btm?ie=UTF8&reviewerType=all_reviews

2022-09-16 11:28:44,788 - INFO - yamaxun3 url https://www.amazon.com/product-reviews/B088W3KFP7/ref=cm_cr_dp_d_show_all_btm?ie=UTF8&reviewerType=all_reviews

2022-09-16 11:29:15,207 - INFO - yamaxun3 url https://www.amazon.com/product-reviews/B09NDDH6S8/ref=cm_cr_dp_d_show_all_btm?ie=UTF8&reviewerType=all_reviews

2022-09-16 11:29:44,647 - INFO - yamaxun3 url https://www.amazon.com/product-reviews/B09NDDH6S8/ref=cm_cr_dp_d_show_all_btm?ie=UTF8&reviewerType=all_reviews

2022-09-16 11:30:14,083 - INFO - yamaxun3 url https://www.amazon.com/product-reviews/B0B6HF3MRV/ref=cm_cr_dp_d_show_all_btm?ie=UTF8&reviewerType=all_reviews

2022-09-16 11:30:30,081 - INFO - yamaxun3 url https://www.amazon.com/product-reviews/B09GFLRCFX/ref=cm_cr_dp_d_show_all_btm?ie=UTF8&reviewerType=all_reviews

2022-09-16 11:30:46,019 - INFO - yamaxun3 url https://www.amazon.com/product-reviews/B09SG9K11B/ref=cm_cr_dp_d_show_all_btm?ie=UTF8&reviewerType=all_reviews

2022-09-16 11:31:04,658 - INFO - yamaxun3 url https://www.amazon.com/product-reviews/B08PMYNFGX/ref=cm_cr_dp_d_show_all_btm?ie=UTF8&reviewerType=all_reviews

2022-09-16 11:31:15,901 - INFO - yamaxun3 url https://www.amazon.com/product-reviews/B09K7SRMX4/ref=cm_cr_dp_d_show_all_btm?ie=UTF8&reviewerType=all_reviews

2022-09-16 11:31:45,216 - INFO - yamaxun3 url https://www.amazon.com/product-reviews/B082J6YLSC/ref=cm_cr_dp_d_show_all_btm?ie=UTF8&reviewerType=all_reviews

2022-09-16 11:31:58,846 - INFO - yamaxun3 url https://www.amazon.com/product-reviews/B08KTXG8Q5/ref=cm_cr_dp_d_show_all_btm?ie=UTF8&reviewerType=all_reviews

2022-09-16 11:32:28,404 - INFO - yamaxun3 url https://www.amazon.com/product-reviews/B08KTXG8Q5/ref=cm_cr_dp_d_show_all_btm?ie=UTF8&reviewerType=all_reviews

2022-09-16 11:32:57,421 - INFO - yamaxun3 url https://www.amazon.com/product-reviews/B07MKB1J3M/ref=cm_cr_dp_d_show_all_btm?ie=UTF8&reviewerType=all_reviews

2022-09-16 11:33:27,048 - INFO - yamaxun3 url https://www.amazon.com/product-reviews/B07MKB1J3M/ref=cm_cr_dp_d_show_all_btm?ie=UTF8&reviewerType=all_reviews

2022-09-16 11:33:56,689 - INFO - yamaxun3 url https://www.amazon.com/product-reviews/B0897ZCBPF/ref=cm_cr_dp_d_show_all_btm?ie=UTF8&reviewerType=all_reviews

2022-09-16 11:34:25,982 - INFO - yamaxun3 url https://www.amazon.com/product-reviews/B0977WWVYF/ref=cm_cr_dp_d_show_all_btm?ie=UTF8&reviewerType=all_reviews

2022-09-16 11:34:55,148 - INFO - yamaxun3 url https://www.amazon.com/product-reviews/B00KVFQCOC/ref=cm_cr_dp_d_show_all_btm?ie=UTF8&reviewerType=all_reviews

2022-09-16 11:35:06,489 - INFO - yamaxun3 url https://www.amazon.com/product-reviews/B07WMMD6DD/ref=cm_cr_dp_d_show_all_btm?ie=UTF8&reviewerType=all_reviews

2022-09-16 11:35:34,967 - INFO - yamaxun3 url https://www.amazon.com/product-reviews/B085VNCZHL/ref=cm_cr_dp_d_show_all_btm?ie=UTF8&reviewerType=all_reviews

2022-09-16 11:36:03,841 - INFO - yamaxun3 url https://www.amazon.com/product-reviews/B096K9SVCT/ref=cm_cr_dp_d_show_all_btm?ie=UTF8&reviewerType=all_reviews

2022-09-16 11:36:33,590 - INFO - yamaxun3 url https://www.amazon.com/product-reviews/B088TNL7V3/ref=cm_cr_dp_d_show_all_btm?ie=UTF8&reviewerType=all_reviews

2022-09-16 11:37:03,234 - INFO - yamaxun3 url https://www.amazon.com/product-reviews/B07NF44X91/ref=cm_cr_dp_d_show_all_btm?ie=UTF8&reviewerType=all_reviews

2022-09-16 11:37:32,865 - INFO - yamaxun3 url https://www.amazon.com/product-reviews/B07NF44X91/ref=cm_cr_dp_d_show_all_btm?ie=UTF8&reviewerType=all_reviews

2022-09-16 11:38:02,577 - INFO - yamaxun3 url https://www.amazon.com/product-reviews/B076HRZJ66/ref=cm_cr_dp_d_show_all_btm?ie=UTF8&reviewerType=all_reviews

2022-09-16 11:38:31,183 - INFO - yamaxun3 url https://www.amazon.com/product-reviews/B076HRZJ66/ref=cm_cr_dp_d_show_all_btm?ie=UTF8&reviewerType=all_reviews

2022-09-16 11:38:59,722 - INFO - yamaxun3 url https://www.amazon.com/product-reviews/B00ET1J0J8/ref=cm_cr_dp_d_show_all_btm?ie=UTF8&reviewerType=all_reviews

2022-09-16 11:39:05,769 - INFO - yamaxun3 url https://www.amazon.com/product-reviews/B01M12RE4A/ref=cm_cr_dp_d_show_all_btm?ie=UTF8&reviewerType=all_reviews

2022-09-16 11:39:37,403 - INFO - yamaxun3 url https://www.amazon.com/product-reviews/B01M12RE4A/ref=cm_cr_dp_d_show_all_btm?ie=UTF8&reviewerType=all_reviews

2022-09-16 11:40:07,347 - INFO - yamaxun3 url https://www.amazon.com/product-reviews/B0042210U6/ref=cm_cr_dp_d_show_all_btm?ie=UTF8&reviewerType=all_reviews

2022-09-16 11:40:37,013 - INFO - yamaxun3 url https://www.amazon.com/product-reviews/B0042210U6/ref=cm_cr_dp_d_show_all_btm?ie=UTF8&reviewerType=all_reviews

2022-09-16 11:41:06,624 - INFO - yamaxun3 url https://www.amazon.com/product-reviews/B082CCCQHH/ref=cm_cr_dp_d_show_all_btm?ie=UTF8&reviewerType=all_reviews

2022-09-16 11:41:34,974 - INFO - yamaxun3 url https://www.amazon.com/product-reviews/B08KGMHJXC/ref=cm_cr_dp_d_show_all_btm?ie=UTF8&reviewerType=all_reviews

2022-09-16 11:41:52,169 - INFO - yamaxun3 url https://www.amazon.com/product-reviews/B0851NC9VH/ref=cm_cr_dp_d_show_all_btm?ie=UTF8&reviewerType=all_reviews

2022-09-16 11:42:11,619 - INFO - yamaxun3 url https://www.amazon.com/product-reviews/B07K3WPWFM/ref=cm_cr_dp_d_show_all_btm?ie=UTF8&reviewerType=all_reviews

2022-09-16 11:42:40,242 - INFO - yamaxun3 url https://www.amazon.com/product-reviews/B07K3WPWFM/ref=cm_cr_dp_d_show_all_btm?ie=UTF8&reviewerType=all_reviews

2022-09-16 11:43:09,422 - INFO - yamaxun3 url https://www.amazon.com/product-reviews/B09D3B31ZZ/ref=cm_cr_dp_d_show_all_btm?ie=UTF8&reviewerType=all_reviews

2022-09-16 11:43:38,970 - INFO - yamaxun3 url https://www.amazon.com/product-reviews/B08LN1Z7JK/ref=cm_cr_dp_d_show_all_btm?ie=UTF8&reviewerType=all_reviews

2022-09-16 11:44:08,598 - INFO - yamaxun3 url https://www.amazon.com/product-reviews/B08LN1Z7JK/ref=cm_cr_dp_d_show_all_btm?ie=UTF8&reviewerType=all_reviews

2022-09-16 11:44:38,304 - INFO - yamaxun3 url https://www.amazon.com/product-reviews/B09GFLRCFX/ref=cm_cr_dp_d_show_all_btm?ie=UTF8&reviewerType=all_reviews

2022-09-16 11:44:54,351 - INFO - yamaxun3 url https://www.amazon.com/product-reviews/B07XCKK146/ref=cm_cr_dp_d_show_all_btm?ie=UTF8&reviewerType=all_reviews

2022-09-16 11:45:24,259 - INFO - yamaxun3 url https://www.amazon.com/product-reviews/B07XCKK146/ref=cm_cr_dp_d_show_all_btm?ie=UTF8&reviewerType=all_reviews

2022-09-16 11:45:54,730 - INFO - yamaxun3 url https://www.amazon.com/product-reviews/B00GSQJI4E/ref=cm_cr_dp_d_show_all_btm?ie=UTF8&reviewerType=all_reviews

2022-09-16 11:46:24,635 - INFO - yamaxun3 url https://www.amazon.com/product-reviews/B082BLM2KH/ref=cm_cr_dp_d_show_all_btm?ie=UTF8&reviewerType=all_reviews

2022-09-16 11:46:54,460 - INFO - yamaxun3 url https://www.amazon.com/product-reviews/B08KTXG8Q5/ref=cm_cr_dp_d_show_all_btm?ie=UTF8&reviewerType=all_reviews

2022-09-16 11:47:24,799 - INFO - yamaxun3 url https://www.amazon.com/product-reviews/B08KTXG8Q5/ref=cm_cr_dp_d_show_all_btm?ie=UTF8&reviewerType=all_reviews

2022-09-16 11:47:54,269 - INFO - yamaxun3 url https://www.amazon.com/product-reviews/B07MKB1J3M/ref=cm_cr_dp_d_show_all_btm?ie=UTF8&reviewerType=all_reviews

2022-09-16 11:48:24,013 - INFO - yamaxun3 url https://www.amazon.com/product-reviews/B07MKB1J3M/ref=cm_cr_dp_d_show_all_btm?ie=UTF8&reviewerType=all_reviews

2022-09-16 11:48:54,434 - INFO - yamaxun3 url https://www.amazon.com/product-reviews/B0897ZCBPF/ref=cm_cr_dp_d_show_all_btm?ie=UTF8&reviewerType=all_reviews

2022-09-16 11:49:24,347 - INFO - yamaxun3 url https://www.amazon.com/product-reviews/B08NXXJL1F/ref=cm_cr_dp_d_show_all_btm?ie=UTF8&reviewerType=all_reviews

2022-09-16 11:49:54,672 - INFO - yamaxun3 url https://www.amazon.com/product-reviews/B08NXXJL1F/ref=cm_cr_dp_d_show_all_btm?ie=UTF8&reviewerType=all_reviews

2022-09-16 11:50:25,184 - INFO - yamaxun3 url https://www.amazon.com/product-reviews/B07PNK9FW4/ref=cm_cr_dp_d_show_all_btm?ie=UTF8&reviewerType=all_reviews

2022-09-16 11:50:55,282 - INFO - yamaxun3 url https://www.amazon.com/product-reviews/B0756QFLXP/ref=cm_cr_dp_d_show_all_btm?ie=UTF8&reviewerType=all_reviews

2022-09-16 11:51:25,590 - INFO - yamaxun3 url https://www.amazon.com/product-reviews/B0756QFLXP/ref=cm_cr_dp_d_show_all_btm?ie=UTF8&reviewerType=all_reviews

2022-09-16 11:51:55,598 - INFO - yamaxun3 url https://www.amazon.com/product-reviews/B08KTLBNRW/ref=cm_cr_dp_d_show_all_btm?ie=UTF8&reviewerType=all_reviews

2022-09-16 11:52:25,748 - INFO - yamaxun3 url https://www.amazon.com/product-reviews/B09SG9K11B/ref=cm_cr_dp_d_show_all_btm?ie=UTF8&reviewerType=all_reviews

2022-09-16 11:52:44,165 - INFO - yamaxun3 url https://www.amazon.com/product-reviews/B099FGQGNV/ref=cm_cr_dp_d_show_all_btm?ie=UTF8&reviewerType=all_reviews

2022-09-16 11:53:13,826 - INFO - yamaxun3 url https://www.amazon.com/product-reviews/B099FGQGNV/ref=cm_cr_dp_d_show_all_btm?ie=UTF8&reviewerType=all_reviews

2022-09-16 11:53:43,771 - INFO - yamaxun3 url https://www.amazon.com/product-reviews/B0B7BKCTCZ/ref=cm_cr_dp_d_show_all_btm?ie=UTF8&reviewerType=all_reviews

2022-09-16 11:53:57,144 - INFO - yamaxun3 url https://www.amazon.com/product-reviews/B0167N0B70/ref=cm_cr_dp_d_show_all_btm?ie=UTF8&reviewerType=all_reviews

2022-09-16 11:54:26,855 - INFO - yamaxun3 url https://www.amazon.com/product-reviews/B0167N0B70/ref=cm_cr_dp_d_show_all_btm?ie=UTF8&reviewerType=all_reviews

2022-09-16 11:54:56,888 - INFO - yamaxun3 url https://www.amazon.com/product-reviews/B00KWHMR6G/ref=cm_cr_dp_d_show_all_btm?ie=UTF8&reviewerType=all_reviews

2022-09-16 11:55:27,471 - INFO - yamaxun3 url https://www.amazon.com/product-reviews/B00KWHMR6G/ref=cm_cr_dp_d_show_all_btm?ie=UTF8&reviewerType=all_reviews

2022-09-16 11:55:56,801 - INFO - yamaxun3 url https://www.amazon.com/product-reviews/B07D5W2FGQ/ref=cm_cr_dp_d_show_all_btm?ie=UTF8&reviewerType=all_reviews

2022-09-16 11:56:26,180 - INFO - yamaxun3 url https://www.amazon.com/product-reviews/B07D5W2FGQ/ref=cm_cr_dp_d_show_all_btm?ie=UTF8&reviewerType=all_reviews

2022-09-16 11:58:47,667 - INFO - yamaxun3 url https://www.amazon.com/product-reviews/B08MKZXGBY/ref=cm_cr_dp_d_show_all_btm?ie=UTF8&reviewerType=all_reviews

2022-09-16 12:00:37,034 - INFO - yamaxun3 url https://www.amazon.com/product-reviews/B08MKZXGBY/ref=cm_cr_dp_d_show_all_btm?ie=UTF8&reviewerType=all_reviews

2022-09-16 12:01:06,068 - INFO - yamaxun3 url https://www.amazon.com/product-reviews/B098BQ2YKT/ref=cm_cr_dp_d_show_all_btm?ie=UTF8&reviewerType=all_reviews

2022-09-16 12:01:35,062 - INFO - yamaxun3 url https://www.amazon.com/product-reviews/B098BQ2YKT/ref=cm_cr_dp_d_show_all_btm?ie=UTF8&reviewerType=all_reviews

2022-09-16 12:02:05,599 - INFO - yamaxun3 url https://www.amazon.com/product-reviews/B0144R449W/ref=cm_cr_dp_d_show_all_btm?ie=UTF8&reviewerType=all_reviews

2022-09-16 12:03:44,095 - INFO - yamaxun3 url https://www.amazon.com/product-reviews/B0144R449W/ref=cm_cr_dp_d_show_all_btm?ie=UTF8&reviewerType=all_reviews

2022-09-16 12:04:14,498 - INFO - yamaxun3 url https://www.amazon.com/product-reviews/B00FB45SI4/ref=cm_cr_dp_d_show_all_btm?ie=UTF8&reviewerType=all_reviews

2022-09-16 12:04:45,299 - INFO - yamaxun3 url https://www.amazon.com/product-reviews/B00FB45SI4/ref=cm_cr_dp_d_show_all_btm?ie=UTF8&reviewerType=all_reviews

2022-09-16 12:05:15,784 - INFO - yamaxun3 url https://www.amazon.com/product-reviews/B0B6HF3MRV/ref=cm_cr_dp_d_show_all_btm?ie=UTF8&reviewerType=all_reviews

2022-09-16 12:05:31,785 - INFO - yamaxun3 url https://www.amazon.com/product-reviews/B09SG9K11B/ref=cm_cr_dp_d_show_all_btm?ie=UTF8&reviewerType=all_reviews

2022-09-16 12:05:50,359 - INFO - yamaxun3 url https://www.amazon.com/product-reviews/B09GFLRCFX/ref=cm_cr_dp_d_show_all_btm?ie=UTF8&reviewerType=all_reviews

2022-09-16 12:06:07,021 - INFO - yamaxun3 url https://www.amazon.com/product-reviews/B001D8GR00/ref=cm_cr_dp_d_show_all_btm?ie=UTF8&reviewerType=all_reviews

2022-09-16 12:06:37,706 - INFO - yamaxun3 url https://www.amazon.com/product-reviews/B00F0DD0I6/ref=cm_cr_dp_d_show_all_btm?ie=UTF8&reviewerType=all_reviews

2022-09-16 12:07:08,753 - INFO - yamaxun3 url https://www.amazon.com//product-reviews/B00F0DD0I6/ref=cm_cr_dp_d_show_all_btm?ie=UTF8&reviewerType=all_reviews

2022-09-16 12:07:39,736 - INFO - yamaxun3 url https://www.amazon.com/product-reviews/B088K9HCJB/ref=cm_cr_dp_d_show_all_btm?ie=UTF8&reviewerType=all_reviews

2022-09-16 12:08:09,542 - INFO - yamaxun3 url https://www.amazon.com/product-reviews/B08KTXG8Q5/ref=cm_cr_dp_d_show_all_btm?ie=UTF8&reviewerType=all_reviews

2022-09-16 12:08:39,965 - INFO - yamaxun3 url https://www.amazon.com/product-reviews/B08KTXG8Q5/ref=cm_cr_dp_d_show_all_btm?ie=UTF8&reviewerType=all_reviews

2022-09-16 12:09:10,148 - INFO - yamaxun3 url https://www.amazon.com/product-reviews/B07MKB1J3M/ref=cm_cr_dp_d_show_all_btm?ie=UTF8&reviewerType=all_reviews

2022-09-16 12:09:40,921 - INFO - yamaxun3 url https://www.amazon.com/product-reviews/B07MKB1J3M/ref=cm_cr_dp_d_show_all_btm?ie=UTF8&reviewerType=all_reviews

2022-09-16 12:10:11,922 - INFO - yamaxun3 url https://www.amazon.com/product-reviews/B0897ZCBPF/ref=cm_cr_dp_d_show_all_btm?ie=UTF8&reviewerType=all_reviews

2022-09-16 12:10:42,468 - INFO - yamaxun3 url https://www.amazon.com/product-reviews/B01N5RCZQH/ref=cm_cr_dp_d_show_all_btm?ie=UTF8&reviewerType=all_reviews

2022-09-16 12:11:13,290 - INFO - yamaxun3 url https://www.amazon.com/product-reviews/B01N5RCZQH/ref=cm_cr_dp_d_show_all_btm?ie=UTF8&reviewerType=all_reviews

2022-09-16 12:11:44,308 - INFO - yamaxun3 url https://www.amazon.com/product-reviews/B01LFSDZCU/ref=cm_cr_dp_d_show_all_btm?ie=UTF8&reviewerType=all_reviews

2022-09-16 12:12:15,488 - INFO - yamaxun3 url https://www.amazon.com/product-reviews/B01LFSDZCU/ref=cm_cr_dp_d_show_all_btm?ie=UTF8&reviewerType=all_reviews

2022-09-16 12:12:46,283 - INFO - yamaxun3 url https://www.amazon.com/product-reviews/B09N72FMH5/ref=cm_cr_dp_d_show_all_btm?ie=UTF8&reviewerType=all_reviews

2022-09-16 12:13:17,383 - INFO - yamaxun3 url https://www.amazon.com/product-reviews/B09N72FMH5/ref=cm_cr_dp_d_show_all_btm?ie=UTF8&reviewerType=all_reviews

2022-09-16 12:13:48,274 - INFO - yamaxun3 url https://www.amazon.com/product-reviews/B071DKY952/ref=cm_cr_dp_d_show_all_btm?ie=UTF8&reviewerType=all_reviews

2022-09-16 12:14:20,662 - INFO - yamaxun3 url https://www.amazon.com/product-reviews/B071DKY952/ref=cm_cr_dp_d_show_all_btm?ie=UTF8&reviewerType=all_reviews

2022-09-16 12:14:51,966 - INFO - yamaxun3 url https://www.amazon.com/product-reviews/B088TNL7V3/ref=cm_cr_dp_d_show_all_btm?ie=UTF8&reviewerType=all_reviews

2022-09-16 12:15:23,441 - INFO - yamaxun3 url https://www.amazon.com/product-reviews/B08GG9CMLR/ref=cm_cr_dp_d_show_all_btm?ie=UTF8&reviewerType=all_reviews

2022-09-16 12:15:54,786 - INFO - yamaxun3 url https://www.amazon.com/product-reviews/B08GG9CMLR/ref=cm_cr_dp_d_show_all_btm?ie=UTF8&reviewerType=all_reviews

2022-09-16 12:16:26,032 - INFO - yamaxun3 url https://www.amazon.com/product-reviews/B078GWJ44Z/ref=cm_cr_dp_d_show_all_btm?ie=UTF8&reviewerType=all_reviews

2022-09-16 12:16:56,972 - INFO - yamaxun3 url https://www.amazon.com/product-reviews/B078GWJ44Z/ref=cm_cr_dp_d_show_all_btm?ie=UTF8&reviewerType=all_reviews

2022-09-16 12:17:28,433 - INFO - yamaxun3 url https://www.amazon.com/product-reviews/B01707HPKS/ref=cm_cr_dp_d_show_all_btm?ie=UTF8&reviewerType=all_reviews

2022-09-16 12:18:51,615 - INFO - yamaxun3 url https://www.amazon.com/product-reviews/B01707HPKS/ref=cm_cr_dp_d_show_all_btm?ie=UTF8&reviewerType=all_reviews

2022-09-16 12:20:29,282 - INFO - yamaxun3 url https://www.amazon.com/product-reviews/B0886XZLSJ/ref=cm_cr_dp_d_show_all_btm?ie=UTF8&reviewerType=all_reviews

2022-09-16 12:21:00,163 - INFO - yamaxun3 url https://www.amazon.com/product-reviews/B08LHJZ2NJ/ref=cm_cr_dp_d_show_all_btm?ie=UTF8&reviewerType=all_reviews

2022-09-16 12:21:30,956 - INFO - yamaxun3 url https://www.amazon.com/product-reviews/B08PNM2SV4/ref=cm_cr_dp_d_show_all_btm?ie=UTF8&reviewerType=all_reviews

2022-09-16 12:21:44,965 - INFO - yamaxun3 url https://www.amazon.com/product-reviews/B087NH7RJX/ref=cm_cr_dp_d_show_all_btm?ie=UTF8&reviewerType=all_reviews

2022-09-16 12:22:16,395 - INFO - yamaxun3 url https://www.amazon.com/product-reviews/B07HPSQZKN/ref=cm_cr_dp_d_show_all_btm?ie=UTF8&reviewerType=all_reviews

2022-09-16 12:22:47,027 - INFO - yamaxun3 url https://www.amazon.com/product-reviews/B07HPSQZKN/ref=cm_cr_dp_d_show_all_btm?ie=UTF8&reviewerType=all_reviews

2022-09-16 12:23:17,215 - INFO - yamaxun3 url https://www.amazon.com/product-reviews/B07K3WPWFM/ref=cm_cr_dp_d_show_all_btm?ie=UTF8&reviewerType=all_reviews

2022-09-16 12:26:53,497 - INFO - yamaxun3 url https://www.amazon.com/product-reviews/B07K3WPWFM/ref=cm_cr_dp_d_show_all_btm?ie=UTF8&reviewerType=all_reviews

2022-09-16 12:27:25,130 - INFO - yamaxun3 url https://www.amazon.com/product-reviews/B09SG9K11B/ref=cm_cr_dp_d_show_all_btm?ie=UTF8&reviewerType=all_reviews

2022-09-16 12:27:44,364 - INFO - yamaxun3 url https://www.amazon.com/product-reviews/B09GFLRCFX/ref=cm_cr_dp_d_show_all_btm?ie=UTF8&reviewerType=all_reviews

2022-09-16 12:28:01,444 - INFO - yamaxun3 url https://www.amazon.com/product-reviews/B09VNMBRFR/ref=cm_cr_dp_d_show_all_btm?ie=UTF8&reviewerType=all_reviews

2022-09-16 12:28:13,037 - INFO - yamaxun3 url https://www.amazon.com/product-reviews/B082Z71VT2/ref=cm_cr_dp_d_show_all_btm?ie=UTF8&reviewerType=all_reviews

2022-09-16 12:30:13,614 - INFO - yamaxun3 url https://www.amazon.com/product-reviews/B082Z71VT2/ref=cm_cr_dp_d_show_all_btm?ie=UTF8&reviewerType=all_reviews

2022-09-16 12:30:43,492 - INFO - yamaxun3 url https://www.amazon.com/product-reviews/B089KBTXHR/ref=cm_cr_dp_d_show_all_btm?ie=UTF8&reviewerType=all_reviews

2022-09-16 12:31:13,363 - INFO - yamaxun3 url https://www.amazon.com/product-reviews/B089KBTXHR/ref=cm_cr_dp_d_show_all_btm?ie=UTF8&reviewerType=all_reviews

2022-09-16 12:31:43,757 - INFO - yamaxun3 url https://www.amazon.com/product-reviews/B08KTXG8Q5/ref=cm_cr_dp_d_show_all_btm?ie=UTF8&reviewerType=all_reviews

2022-09-16 12:33:33,474 - INFO - yamaxun3 url https://www.amazon.com/product-reviews/B08KTXG8Q5/ref=cm_cr_dp_d_show_all_btm?ie=UTF8&reviewerType=all_reviews

2022-09-16 12:35:27,735 - INFO - yamaxun3 url https://www.amazon.com/product-reviews/B07MKB1J3M/ref=cm_cr_dp_d_show_all_btm?ie=UTF8&reviewerType=all_reviews

2022-09-16 12:35:59,384 - INFO - yamaxun3 url https://www.amazon.com/product-reviews/B08DFND6FS/ref=cm_cr_dp_d_show_all_btm?ie=UTF8&reviewerType=all_reviews

2022-09-16 12:36:29,778 - INFO - yamaxun3 url https://www.amazon.com/product-reviews/B08DFND6FS/ref=cm_cr_dp_d_show_all_btm?ie=UTF8&reviewerType=all_reviews

2022-09-16 12:37:00,290 - INFO - yamaxun3 url https://www.amazon.com/product-reviews/B01N5MPTG1/ref=cm_cr_dp_d_show_all_btm?ie=UTF8&reviewerType=all_reviews

2022-09-16 12:37:30,977 - INFO - yamaxun3 url https://www.amazon.com/product-reviews/B01N5MPTG1/ref=cm_cr_dp_d_show_all_btm?ie=UTF8&reviewerType=all_reviews

2022-09-16 12:38:01,723 - INFO - yamaxun3 url https://www.amazon.com/product-reviews/B08ZMXG7N8/ref=cm_cr_dp_d_show_all_btm?ie=UTF8&reviewerType=all_reviews

2022-09-16 12:38:32,479 - INFO - yamaxun3 url https://www.amazon.com/product-reviews/B002WBX7TQ/ref=cm_cr_dp_d_show_all_btm?ie=UTF8&reviewerType=all_reviews

2022-09-16 12:39:03,288 - INFO - yamaxun3 url https://www.amazon.com/product-reviews/B002WBX7TQ/ref=cm_cr_dp_d_show_all_btm?ie=UTF8&reviewerType=all_reviews

2022-09-16 12:39:33,812 - INFO - yamaxun3 url https://www.amazon.com/product-reviews/B074NCBVR8/ref=cm_cr_dp_d_show_all_btm?ie=UTF8&reviewerType=all_reviews

2022-09-16 12:40:04,471 - INFO - yamaxun3 url https://www.amazon.com/product-reviews/B074NCBVR8/ref=cm_cr_dp_d_show_all_btm?ie=UTF8&reviewerType=all_reviews

2022-09-16 12:40:35,185 - INFO - yamaxun3 url https://www.amazon.com/product-reviews/B09GFR4M4S/ref=cm_cr_dp_d_show_all_btm?ie=UTF8&reviewerType=all_reviews

2022-09-16 12:41:05,950 - INFO - yamaxun3 url https://www.amazon.com/product-reviews/B0B6HF3MRV/ref=cm_cr_dp_d_show_all_btm?ie=UTF8&reviewerType=all_reviews

2022-09-16 12:41:21,961 - INFO - yamaxun3 url https://www.amazon.com/product-reviews/B08ZN4BKKN/ref=cm_cr_dp_d_show_all_btm?ie=UTF8&reviewerType=all_reviews

2022-09-16 12:41:35,463 - INFO - yamaxun3 url https://www.amazon.com/product-reviews/B08547YKJD/ref=cm_cr_dp_d_show_all_btm?ie=UTF8&reviewerType=all_reviews

2022-09-16 12:42:06,311 - INFO - yamaxun3 url https://www.amazon.com/product-reviews/B08547YKJD/ref=cm_cr_dp_d_show_all_btm?ie=UTF8&reviewerType=all_reviews

2022-09-16 12:42:37,177 - INFO - yamaxun3 url https://www.amazon.com/product-reviews/B01DR04V90/ref=cm_cr_dp_d_show_all_btm?ie=UTF8&reviewerType=all_reviews

2022-09-16 12:43:07,760 - INFO - yamaxun3 url https://www.amazon.com/product-reviews/B01DR04V90/ref=cm_cr_dp_d_show_all_btm?ie=UTF8&reviewerType=all_reviews

2022-09-16 12:43:38,658 - INFO - yamaxun3 url https://www.amazon.com/product-reviews/B001FWYGJS/ref=cm_cr_dp_d_show_all_btm?ie=UTF8&reviewerType=all_reviews

2022-09-16 12:44:09,681 - INFO - yamaxun3 url https://www.amazon.com/product-reviews/B001FWYGJS/ref=cm_cr_dp_d_show_all_btm?ie=UTF8&reviewerType=all_reviews

2022-09-16 12:44:40,444 - INFO - yamaxun3 url https://www.amazon.com/product-reviews/B09YH69WN5/ref=cm_cr_dp_d_show_all_btm?ie=UTF8&reviewerType=all_reviews

2022-09-16 12:45:11,642 - INFO - yamaxun3 url https://www.amazon.com/product-reviews/B089GNFCHS/ref=cm_cr_dp_d_show_all_btm?ie=UTF8&reviewerType=all_reviews

2022-09-16 12:45:42,416 - INFO - yamaxun3 url https://www.amazon.com/product-reviews/B089GNFCHS/ref=cm_cr_dp_d_show_all_btm?ie=UTF8&reviewerType=all_reviews

2022-09-16 12:46:13,203 - INFO - yamaxun3 url https://www.amazon.com/product-reviews/B08R8XLKQB/ref=cm_cr_dp_d_show_all_btm?ie=UTF8&reviewerType=all_reviews

2022-09-16 12:46:26,704 - INFO - yamaxun3 url https://www.amazon.com/product-reviews/B09HTB1B3J/ref=cm_cr_dp_d_show_all_btm?ie=UTF8&reviewerType=all_reviews

2022-09-16 12:46:58,308 - INFO - yamaxun3 url https://www.amazon.com/product-reviews/B088TNL7V3/ref=cm_cr_dp_d_show_all_btm?ie=UTF8&reviewerType=all_reviews

2022-09-16 12:47:30,004 - INFO - yamaxun3 url https://www.amazon.com/product-reviews/B09SG9K11B/ref=cm_cr_dp_d_show_all_btm?ie=UTF8&reviewerType=all_reviews

2022-09-16 12:47:49,674 - INFO - yamaxun3 url https://www.amazon.com/product-reviews/B09GFLRCFX/ref=cm_cr_dp_d_show_all_btm?ie=UTF8&reviewerType=all_reviews

2022-09-16 12:48:06,595 - INFO - yamaxun3 url https://www.amazon.com/product-reviews/B008HO9DK4/ref=cm_cr_dp_d_show_all_btm?ie=UTF8&reviewerType=all_reviews

2022-09-16 12:48:38,829 - INFO - yamaxun3 url https://www.amazon.com/product-reviews/B008HO9DK4/ref=cm_cr_dp_d_show_all_btm?ie=UTF8&reviewerType=all_reviews

2022-09-16 12:49:11,209 - INFO - yamaxun3 url https://www.amazon.com/product-reviews/B09Q3JPF1Q/ref=cm_cr_dp_d_show_all_btm?ie=UTF8&reviewerType=all_reviews

2022-09-16 12:49:43,330 - INFO - yamaxun3 url https://www.amazon.com/product-reviews/B072LZZZXB/ref=cm_cr_dp_d_show_all_btm?ie=UTF8&reviewerType=all_reviews

2022-09-16 12:50:15,665 - INFO - yamaxun3 url https://www.amazon.com/product-reviews/B072LZZZXB/ref=cm_cr_dp_d_show_all_btm?ie=UTF8&reviewerType=all_reviews

2022-09-16 12:50:47,864 - INFO - yamaxun3 url https://www.amazon.com/product-reviews/B08KTXG8Q5/ref=cm_cr_dp_d_show_all_btm?ie=UTF8&reviewerType=all_reviews

2022-09-16 12:51:19,936 - INFO - yamaxun3 url https://www.amazon.com/product-reviews/B08KTXG8Q5/ref=cm_cr_dp_d_show_all_btm?ie=UTF8&reviewerType=all_reviews

2022-09-16 12:51:52,411 - INFO - yamaxun3 url https://www.amazon.com/product-reviews/B07MKB1J3M/ref=cm_cr_dp_d_show_all_btm?ie=UTF8&reviewerType=all_reviews

2022-09-16 12:52:24,661 - INFO - yamaxun3 url https://www.amazon.com/product-reviews/B07MKB1J3M/ref=cm_cr_dp_d_show_all_btm?ie=UTF8&reviewerType=all_reviews

2022-09-16 12:52:56,633 - INFO - yamaxun3 url https://www.amazon.com/product-reviews/B0897ZCBPF/ref=cm_cr_dp_d_show_all_btm?ie=UTF8&reviewerType=all_reviews

2022-09-16 12:53:28,459 - INFO - yamaxun3 url https://www.amazon.com/product-reviews/B07T6L3123/ref=cm_cr_dp_d_show_all_btm?ie=UTF8&reviewerType=all_reviews

2022-09-16 12:54:00,377 - INFO - yamaxun3 url https://www.amazon.com/product-reviews/B07T6L3123/ref=cm_cr_dp_d_show_all_btm?ie=UTF8&reviewerType=all_reviews

2022-09-16 12:56:03,487 - INFO - yamaxun3 url https://www.amazon.com/product-reviews/B08R8XLKQB/ref=cm_cr_dp_d_show_all_btm?ie=UTF8&reviewerType=all_reviews

2022-09-16 12:56:18,030 - INFO - yamaxun3 url https://www.amazon.com/product-reviews/B08547YKJD/ref=cm_cr_dp_d_show_all_btm?ie=UTF8&reviewerType=all_reviews

2022-09-16 12:56:50,186 - INFO - yamaxun3 url https://www.amazon.com/product-reviews/B08547YKJD/ref=cm_cr_dp_d_show_all_btm?ie=UTF8&reviewerType=all_reviews

2022-09-16 12:57:22,424 - INFO - yamaxun3 url https://www.amazon.com/product-reviews/B07939PV5F/ref=cm_cr_dp_d_show_all_btm?ie=UTF8&reviewerType=all_reviews

2022-09-16 12:57:54,672 - INFO - yamaxun3 url https://www.amazon.com/product-reviews/B07939PV5F/ref=cm_cr_dp_d_show_all_btm?ie=UTF8&reviewerType=all_reviews

2022-09-16 12:58:26,952 - INFO - yamaxun3 url https://www.amazon.com/product-reviews/B07GBXMBQF/ref=cm_cr_dp_d_show_all_btm?ie=UTF8&reviewerType=all_reviews

2022-09-16 12:58:59,443 - INFO - yamaxun3 url https://www.amazon.com/product-reviews/B07GBXMBQF/ref=cm_cr_dp_d_show_all_btm?ie=UTF8&reviewerType=all_reviews

2022-09-16 13:01:21,891 - INFO - yamaxun3 url https://www.amazon.com/product-reviews/B088TNL7V3/ref=cm_cr_dp_d_show_all_btm?ie=UTF8&reviewerType=all_reviews

2022-09-16 13:03:20,007 - INFO - yamaxun3 url https://www.amazon.com/product-reviews/B07K3WPWFM/ref=cm_cr_dp_d_show_all_btm?ie=UTF8&reviewerType=all_reviews

2022-09-16 13:03:52,167 - INFO - yamaxun3 url https://www.amazon.com/product-reviews/B07K3WPWFM/ref=cm_cr_dp_d_show_all_btm?ie=UTF8&reviewerType=all_reviews

2022-09-16 13:04:24,462 - INFO - yamaxun3 url https://www.amazon.com/product-reviews/B07MKB1J3M/ref=cm_cr_dp_d_show_all_btm?ie=UTF8&reviewerType=all_reviews

2022-09-16 13:04:56,509 - INFO - yamaxun3 url https://www.amazon.com/product-reviews/B07MKB1J3M/ref=cm_cr_dp_d_show_all_btm?ie=UTF8&reviewerType=all_reviews

2022-09-16 13:05:28,528 - INFO - yamaxun3 url https://www.amazon.com/product-reviews/B01MFCM8CY/ref=cm_cr_dp_d_show_all_btm?ie=UTF8&reviewerType=all_reviews

2022-09-16 13:06:01,057 - INFO - yamaxun3 url https://www.amazon.com/product-reviews/B00JZWQW4C/ref=cm_cr_dp_d_show_all_btm?ie=UTF8&reviewerType=all_reviews

2022-09-16 13:06:33,223 - INFO - yamaxun3 url https://www.amazon.com/product-reviews/B00JZWQW4C/ref=cm_cr_dp_d_show_all_btm?ie=UTF8&reviewerType=all_reviews

2022-09-16 13:07:05,498 - INFO - yamaxun3 url https://www.amazon.com/product-reviews/B09PR99HMZ/ref=cm_cr_dp_d_show_all_btm?ie=UTF8&reviewerType=all_reviews

2022-09-16 13:07:16,107 - INFO - yamaxun3 url https://www.amazon.com/product-reviews/B097TG79TY/ref=cm_cr_dp_d_show_all_btm?ie=UTF8&reviewerType=all_reviews

2022-09-16 13:07:34,897 - INFO - yamaxun3 url https://www.amazon.com/product-reviews/B075TJ8VNH/ref=cm_cr_dp_d_show_all_btm?ie=UTF8&reviewerType=all_reviews

2022-09-16 13:08:06,454 - INFO - yamaxun3 url https://www.amazon.com/product-reviews/B075TJ8VNH/ref=cm_cr_dp_d_show_all_btm?ie=UTF8&reviewerType=all_reviews

2022-09-16 13:08:38,406 - INFO - yamaxun3 url https://www.amazon.com/product-reviews/B089KBTXHR/ref=cm_cr_dp_d_show_all_btm?ie=UTF8&reviewerType=all_reviews

2022-09-16 13:09:10,488 - INFO - yamaxun3 url https://www.amazon.com/product-reviews/B089KBTXHR/ref=cm_cr_dp_d_show_all_btm?ie=UTF8&reviewerType=all_reviews

2022-09-16 13:09:42,643 - INFO - yamaxun3 url https://www.amazon.com/product-reviews/B09SG9K11B/ref=cm_cr_dp_d_show_all_btm?ie=UTF8&reviewerType=all_reviews

2022-09-16 13:10:02,109 - INFO - yamaxun3 url https://www.amazon.com/product-reviews/B09GFLRCFX/ref=cm_cr_dp_d_show_all_btm?ie=UTF8&reviewerType=all_reviews

2022-09-16 13:10:19,386 - INFO - yamaxun3 url https://www.amazon.com/product-reviews/B0777L5YN6/ref=cm_cr_dp_d_show_all_btm?ie=UTF8&reviewerType=all_reviews

2022-09-16 13:10:51,910 - INFO - yamaxun3 url https://www.amazon.com/product-reviews/B0777L5YN6/ref=cm_cr_dp_d_show_all_btm?ie=UTF8&reviewerType=all_reviews

2022-09-16 13:11:25,422 - INFO - yamaxun3 url https://www.amazon.com/product-reviews/B096P8BTFM/ref=cm_cr_dp_d_show_all_btm?ie=UTF8&reviewerType=all_reviews

2022-09-16 13:13:05,940 - INFO - yamaxun3 url https://www.amazon.com/product-reviews/B096P8BTFM/ref=cm_cr_dp_d_show_all_btm?ie=UTF8&reviewerType=all_reviews

2022-09-16 13:13:39,086 - INFO - yamaxun3 url https://www.amazon.com/product-reviews/B082X2DLMY/ref=cm_cr_dp_d_show_all_btm?ie=UTF8&reviewerType=all_reviews

2022-09-16 13:14:12,307 - INFO - yamaxun3 url https://www.amazon.com/product-reviews/B082X2DLMY/ref=cm_cr_dp_d_show_all_btm?ie=UTF8&reviewerType=all_reviews

2022-09-16 13:14:45,169 - INFO - yamaxun3 url https://www.amazon.com/product-reviews/B08KTXG8Q5/ref=cm_cr_dp_d_show_all_btm?ie=UTF8&reviewerType=all_reviews

2022-09-16 13:15:17,692 - INFO - yamaxun3 url https://www.amazon.com/product-reviews/B08KTXG8Q5/ref=cm_cr_dp_d_show_all_btm?ie=UTF8&reviewerType=all_reviews

2022-09-16 13:15:49,986 - INFO - yamaxun3 url https://www.amazon.com/product-reviews/B07MKB1J3M/ref=cm_cr_dp_d_show_all_btm?ie=UTF8&reviewerType=all_reviews

2022-09-16 13:16:22,571 - INFO - yamaxun3 url https://www.amazon.com/product-reviews/B07MKB1J3M/ref=cm_cr_dp_d_show_all_btm?ie=UTF8&reviewerType=all_reviews

2022-09-16 13:16:55,617 - INFO - yamaxun3 url https://www.amazon.com/product-reviews/B0897ZCBPF/ref=cm_cr_dp_d_show_all_btm?ie=UTF8&reviewerType=all_reviews

2022-09-16 13:17:29,376 - INFO - yamaxun3 url https://www.amazon.com/product-reviews/B07TT23RB4/ref=cm_cr_dp_d_show_all_btm?ie=UTF8&reviewerType=all_reviews

2022-09-16 13:18:02,715 - INFO - yamaxun3 url https://www.amazon.com/product-reviews/B07N57MN6Q/ref=cm_cr_dp_d_show_all_btm?ie=UTF8&reviewerType=all_reviews

2022-09-16 13:20:44,355 - INFO - yamaxun3 url https://www.amazon.com/product-reviews/B019WAQMVY/ref=cm_cr_dp_d_show_all_btm?ie=UTF8&reviewerType=all_reviews

2022-09-16 13:22:16,510 - INFO - yamaxun3 url https://www.amazon.com/product-reviews/B019WAQMVY/ref=cm_cr_dp_d_show_all_btm?ie=UTF8&reviewerType=all_reviews

2022-09-16 13:22:48,475 - INFO - yamaxun3 url https://www.amazon.com/product-reviews/B09DGPPD58/ref=cm_cr_dp_d_show_all_btm?ie=UTF8&reviewerType=all_reviews

2022-09-16 13:22:59,549 - INFO - yamaxun3 url https://www.amazon.com/product-reviews/B00LV8YZLK/ref=cm_cr_dp_d_show_all_btm?ie=UTF8&reviewerType=all_reviews

2022-09-16 13:23:31,520 - INFO - yamaxun3 url https://www.amazon.com/product-reviews/B00LV8YZLK/ref=cm_cr_dp_d_show_all_btm?ie=UTF8&reviewerType=all_reviews

2022-09-16 13:25:45,118 - INFO - yamaxun3 url https://www.amazon.com/product-reviews/B07K3WPWFM/ref=cm_cr_dp_d_show_all_btm?ie=UTF8&reviewerType=all_reviews

2022-09-16 13:26:18,397 - INFO - yamaxun3 url https://www.amazon.com/product-reviews/B07K3WPWFM/ref=cm_cr_dp_d_show_all_btm?ie=UTF8&reviewerType=all_reviews

2022-09-16 13:26:51,362 - INFO - yamaxun3 url https://www.amazon.com/product-reviews/B088TNL7V3/ref=cm_cr_dp_d_show_all_btm?ie=UTF8&reviewerType=all_reviews

2022-09-16 13:27:24,427 - INFO - yamaxun3 url https://www.amazon.com/product-reviews/B00DWFPDNO/ref=cm_cr_dp_d_show_all_btm?ie=UTF8&reviewerType=all_reviews

2022-09-16 13:29:14,245 - INFO - yamaxun3 url https://www.amazon.com/product-reviews/B00DWFPDNO/ref=cm_cr_dp_d_show_all_btm?ie=UTF8&reviewerType=all_reviews

2022-09-16 13:29:47,792 - INFO - yamaxun3 url https://www.amazon.com/product-reviews/B07WNV36B2/ref=cm_cr_dp_d_show_all_btm?ie=UTF8&reviewerType=all_reviews

2022-09-16 13:30:21,548 - INFO - yamaxun3 url https://www.amazon.com/product-reviews/B07WNV36B2/ref=cm_cr_dp_d_show_all_btm?ie=UTF8&reviewerType=all_reviews

2022-09-16 13:30:55,166 - INFO - yamaxun3 url https://www.amazon.com/product-reviews/B073TSK26W/ref=cm_cr_dp_d_show_all_btm?ie=UTF8&reviewerType=all_reviews

2022-09-16 13:31:28,316 - INFO - yamaxun3 url https://www.amazon.com/product-reviews/B073TSK26W/ref=cm_cr_dp_d_show_all_btm?ie=UTF8&reviewerType=all_reviews

2022-09-16 13:32:01,665 - INFO - yamaxun3 url https://www.amazon.com/product-reviews/B00ENUY568/ref=cm_cr_dp_d_show_all_btm?ie=UTF8&reviewerType=all_reviews

2022-09-16 13:32:33,440 - INFO - yamaxun3 url https://www.amazon.com/product-reviews/B00ENUY568/ref=cm_cr_dp_d_show_all_btm?ie=UTF8&reviewerType=all_reviews

2022-09-16 13:33:05,066 - INFO - yamaxun3 url https://www.amazon.com/product-reviews/B0B42SV867/ref=cm_cr_dp_d_show_all_btm?ie=UTF8&reviewerType=all_reviews

2022-09-16 13:33:18,331 - INFO - yamaxun3 url https://www.amazon.com/product-reviews/B07QYNQDCP/ref=cm_cr_dp_d_show_all_btm?ie=UTF8&reviewerType=all_reviews

2022-09-16 13:34:50,049 - INFO - yamaxun3 url https://www.amazon.com/product-reviews/B0764N2QLF/ref=cm_cr_dp_d_show_all_btm?ie=UTF8&reviewerType=all_reviews

2022-09-16 13:37:01,614 - INFO - yamaxun3 url https://www.amazon.com/product-reviews/B0764N2QLF/ref=cm_cr_dp_d_show_all_btm?ie=UTF8&reviewerType=all_reviews

2022-09-16 13:38:45,799 - INFO - yamaxun3 url https://www.amazon.com/product-reviews/B09SG9K11B/ref=cm_cr_dp_d_show_all_btm?ie=UTF8&reviewerType=all_reviews

2022-09-16 13:39:04,901 - INFO - yamaxun3 url https://www.amazon.com/product-reviews/B07K3WPWFM/ref=cm_cr_dp_d_show_all_btm?ie=UTF8&reviewerType=all_reviews

2022-09-16 13:39:37,174 - INFO - yamaxun3 url https://www.amazon.com/product-reviews/B07K3WPWFM/ref=cm_cr_dp_d_show_all_btm?ie=UTF8&reviewerType=all_reviews

2022-09-16 13:40:09,481 - INFO - yamaxun3 url https://www.amazon.com/product-reviews/B089GNFCHS/ref=cm_cr_dp_d_show_all_btm?ie=UTF8&reviewerType=all_reviews

2022-09-16 13:40:41,619 - INFO - yamaxun3 url https://www.amazon.com/product-reviews/B089GNFCHS/ref=cm_cr_dp_d_show_all_btm?ie=UTF8&reviewerType=all_reviews

2022-09-16 13:41:13,736 - INFO - yamaxun3 url https://www.amazon.com/product-reviews/B08BJ7Z1QC/ref=cm_cr_dp_d_show_all_btm?ie=UTF8&reviewerType=all_reviews

2022-09-16 13:41:46,096 - INFO - yamaxun3 url https://www.amazon.com/product-reviews/B08BJ7Z1QC/ref=cm_cr_dp_d_show_all_btm?ie=UTF8&reviewerType=all_reviews

2022-09-16 13:42:18,497 - INFO - yamaxun3 url https://www.amazon.com/product-reviews/B08DFND6FS/ref=cm_cr_dp_d_show_all_btm?ie=UTF8&reviewerType=all_reviews

2022-09-16 13:42:50,762 - INFO - yamaxun3 url https://www.amazon.com/product-reviews/B08DFND6FS/ref=cm_cr_dp_d_show_all_btm?ie=UTF8&reviewerType=all_reviews

2022-09-16 13:43:23,083 - INFO - yamaxun3 url https://www.amazon.com/product-reviews/B09GFP2FHL/ref=cm_cr_dp_d_show_all_btm?ie=UTF8&reviewerType=all_reviews

2022-09-16 13:43:55,446 - INFO - yamaxun3 url https://www.amazon.com/product-reviews/B08KTXG8Q5/ref=cm_cr_dp_d_show_all_btm?ie=UTF8&reviewerType=all_reviews

2022-09-16 13:44:27,628 - INFO - yamaxun3 url https://www.amazon.com/product-reviews/B08KTXG8Q5/ref=cm_cr_dp_d_show_all_btm?ie=UTF8&reviewerType=all_reviews

2022-09-16 13:45:00,263 - INFO - yamaxun3 url https://www.amazon.com/product-reviews/B07MKB1J3M/ref=cm_cr_dp_d_show_all_btm?ie=UTF8&reviewerType=all_reviews

2022-09-16 13:45:32,617 - INFO - yamaxun3 url https://www.amazon.com/product-reviews/B07MKB1J3M/ref=cm_cr_dp_d_show_all_btm?ie=UTF8&reviewerType=all_reviews

2022-09-16 13:46:05,037 - INFO - yamaxun3 url https://www.amazon.com/product-reviews/B08JBBM845/ref=cm_cr_dp_d_show_all_btm?ie=UTF8&reviewerType=all_reviews

2022-09-16 13:46:37,340 - INFO - yamaxun3 url https://www.amazon.com/product-reviews/B0777L5YN6/ref=cm_cr_dp_d_show_all_btm?ie=UTF8&reviewerType=all_reviews

2022-09-16 13:47:10,022 - INFO - yamaxun3 url https://www.amazon.com/product-reviews/B0777L5YN6/ref=cm_cr_dp_d_show_all_btm?ie=UTF8&reviewerType=all_reviews

2022-09-16 13:48:51,914 - INFO - yamaxun3 url https://www.amazon.com/product-reviews/B083TH42R8/ref=cm_cr_dp_d_show_all_btm?ie=UTF8&reviewerType=all_reviews

2022-09-16 13:49:25,382 - INFO - yamaxun3 url https://www.amazon.com/product-reviews/B07712LKJM/ref=cm_cr_dp_d_show_all_btm?ie=UTF8&reviewerType=all_reviews

2022-09-16 13:49:59,032 - INFO - yamaxun3 url https://www.amazon.com/product-reviews/B07712LKJM/ref=cm_cr_dp_d_show_all_btm?ie=UTF8&reviewerType=all_reviews

2022-09-16 13:50:32,462 - INFO - yamaxun3 url https://www.amazon.com/product-reviews/B096P8BTFM/ref=cm_cr_dp_d_show_all_btm?ie=UTF8&reviewerType=all_reviews

2022-09-16 13:51:05,088 - INFO - yamaxun3 url https://www.amazon.com/product-reviews/B096P8BTFM/ref=cm_cr_dp_d_show_all_btm?ie=UTF8&reviewerType=all_reviews

2022-09-16 13:51:37,822 - INFO - yamaxun3 url https://www.amazon.com/product-reviews/B09GFP2FHL/ref=cm_cr_dp_d_show_all_btm?ie=UTF8&reviewerType=all_reviews

2022-09-16 13:52:10,246 - INFO - yamaxun3 url https://www.amazon.com/product-reviews/B0B5TX943N/ref=cm_cr_dp_d_show_all_btm?ie=UTF8&reviewerType=all_reviews

2022-09-16 13:53:52,992 - INFO - yamaxun3 url https://www.amazon.com/product-reviews/B07T2JKF9R/ref=cm_cr_dp_d_show_all_btm?ie=UTF8&reviewerType=all_reviews

2022-09-16 13:55:39,128 - INFO - yamaxun3 url https://www.amazon.com/product-reviews/B09PBP1F1F/ref=cm_cr_dp_d_show_all_btm?ie=UTF8&reviewerType=all_reviews

2022-09-16 13:56:12,005 - INFO - yamaxun3 url https://www.amazon.com/product-reviews/B082X2DLMY/ref=cm_cr_dp_d_show_all_btm?ie=UTF8&reviewerType=all_reviews

2022-09-16 13:56:45,092 - INFO - yamaxun3 url https://www.amazon.com/product-reviews/B082X2DLMY/ref=cm_cr_dp_d_show_all_btm?ie=UTF8&reviewerType=all_reviews

2022-09-16 13:57:18,790 - INFO - yamaxun3 url https://www.amazon.com/product-reviews/B07TT23RB4/ref=cm_cr_dp_d_show_all_btm?ie=UTF8&reviewerType=all_reviews

